2021-11-20T20:21:07.774360+0300 INFO mehtod: <function HotelRequest.start at 0x7f46da57e940>	args: (<utility.HotelRequest object at 0x7f46daa15f40>, <telebot.types.Message object at 0x7f46d8cf6880>)	kwargs: {}.
2021-11-20T20:40:24.585142+0300 INFO mehtod: <function HotelRequest.start at 0x7f78f1b6b940>	args: (<utility.HotelRequest object at 0x7f78f2003ca0>, <telebot.types.Message object at 0x7f78f1b38ee0>)	kwargs: {}.
2021-11-20T20:40:42.468465+0300 INFO mehtod: <function HotelRequest.get_suggestions at 0x7f78f1b6ba60>	args: (<utility.HotelRequest object at 0x7f78f2003ca0>, <telebot.types.Message object at 0x7f78f02d9b80>)	kwargs: {}.
2021-11-20T20:41:09.664060+0300 INFO mehtod: <function HotelRequest.start at 0x7f78f1b6b940>	args: (<utility.HotelRequest object at 0x7f78f2003ca0>, <telebot.types.Message object at 0x7f78f0228760>)	kwargs: {}.
2021-11-20T20:41:16.014942+0300 INFO mehtod: <function HotelRequest.get_suggestions at 0x7f78f1b6ba60>	args: (<utility.HotelRequest object at 0x7f78f2003ca0>, <telebot.types.Message object at 0x7f78f0228820>)	kwargs: {}.
2021-11-20T20:41:28.321649+0300 INFO mehtod: <function HotelRequest.get_city at 0x7f78f1b6bb80>	args: (<utility.HotelRequest object at 0x7f78f2003ca0>, <telebot.types.CallbackQuery object at 0x7f78f0228700>)	kwargs: {}.
2021-11-20T20:41:36.930226+0300 INFO mehtod: <function HotelRequest.get_count at 0x7f78f1b6bee0>	args: (<utility.HotelRequest object at 0x7f78f2003ca0>, <telebot.types.Message object at 0x7f78f0228640>)	kwargs: {}.
2021-11-20T20:41:41.051682+0300 INFO mehtod: <function HotelRequest.get_photo at 0x7f78f1b00040>	args: (<utility.HotelRequest object at 0x7f78f2003ca0>, <telebot.types.CallbackQuery object at 0x7f78f0228dc0>)	kwargs: {}.
2021-11-20T20:41:45.335129+0300 INFO mehtod: <function HotelRequest.get_date at 0x7f78f1b00280>	args: (<utility.HotelRequest object at 0x7f78f2003ca0>, <telebot.types.Message object at 0x7f78f02284c0>)	kwargs: {}.
2021-11-20T20:41:45.335380+0300 INFO mehtod: <function HotelRequest.get_count_photo at 0x7f78f1b00160>	args: (<utility.HotelRequest object at 0x7f78f2003ca0>, <telebot.types.Message object at 0x7f78f02284c0>)	kwargs: {}.
2021-11-20T20:41:49.004580+0300 INFO mehtod: <function HotelRequest.get_date at 0x7f78f1b00280>	args: (<utility.HotelRequest object at 0x7f78f2003ca0>, <telebot.types.Message object at 0x7f78f023af10>)	kwargs: {}.
2021-11-20T20:42:31.309480+0300 INFO mehtod: <function HotelRequest.get_response at 0x7f78f1b003a0>	args: (<utility.HotelRequest object at 0x7f78f2003ca0>, <telebot.types.CallbackQuery object at 0x7f78f02504f0>)	kwargs: {}.
2021-11-21T20:55:45.268206+0300 INFO mehtod: <function HotelRequest.start at 0x7fed4f6fa940>	args: (<utility.HotelRequest object at 0x7fed4fbecf70>, <telebot.types.Message object at 0x7fed4de69b80>)	kwargs: {}.
2021-11-26T18:42:40.041179+0300 INFO mehtod: <function HotelRequest.start at 0x7fcc139ae940>	args: (<utility.HotelRequest object at 0x7fcc139483d0>, <telebot.types.Message object at 0x7fcc120896d0>)	kwargs: {}.
2021-11-26T18:42:48.852912+0300 INFO mehtod: <function HotelRequest.get_suggestions at 0x7fcc139aea60>	args: (<utility.HotelRequest object at 0x7fcc139483d0>, <telebot.types.Message object at 0x7fcc12074e20>)	kwargs: {}.
2021-11-26T18:43:03.800094+0300 INFO mehtod: <function HotelRequest.get_city at 0x7fcc139aeb80>	args: (<utility.HotelRequest object at 0x7fcc139483d0>, <telebot.types.CallbackQuery object at 0x7fcc12089df0>)	kwargs: {}.
2021-11-26T18:43:08.884353+0300 INFO mehtod: <function HotelRequest.get_count at 0x7fcc139aeee0>	args: (<utility.HotelRequest object at 0x7fcc139483d0>, <telebot.types.Message object at 0x7fcc120898b0>)	kwargs: {}.
2021-11-26T18:43:11.909137+0300 INFO mehtod: <function HotelRequest.get_photo at 0x7fcc13943040>	args: (<utility.HotelRequest object at 0x7fcc139483d0>, <telebot.types.CallbackQuery object at 0x7fcc12074f10>)	kwargs: {}.
2021-11-26T18:43:15.003599+0300 INFO mehtod: <function HotelRequest.get_date at 0x7fcc13943280>	args: (<utility.HotelRequest object at 0x7fcc139483d0>, <telebot.types.Message object at 0x7fcc120747f0>)	kwargs: {}.
2021-11-26T18:43:15.004014+0300 INFO mehtod: <function HotelRequest.get_count_photo at 0x7fcc13943160>	args: (<utility.HotelRequest object at 0x7fcc139483d0>, <telebot.types.Message object at 0x7fcc120747f0>)	kwargs: {}.
2021-11-26T18:43:24.751975+0300 INFO mehtod: <function HotelRequest.get_date at 0x7fcc13943280>	args: (<utility.HotelRequest object at 0x7fcc139483d0>, <telebot.types.Message object at 0x7fcc1211c580>)	kwargs: {}.
2021-11-26T18:44:20.436418+0300 INFO mehtod: <function HotelRequest.get_response at 0x7fcc139433a0>	args: (<utility.HotelRequest object at 0x7fcc139483d0>, <telebot.types.CallbackQuery object at 0x7fcc1211c4f0>)	kwargs: {}.
2021-11-26T18:44:37.613406+0300 INFO mehtod: <function HotelRequest.start at 0x7fcc139ae940>	args: (<utility.HotelRequest object at 0x7fcc139483d0>, <telebot.types.Message object at 0x7fcc1397bfa0>)	kwargs: {}.
2021-11-26T18:44:47.329833+0300 INFO mehtod: <function HotelRequest.get_suggestions at 0x7fcc139aea60>	args: (<utility.HotelRequest object at 0x7fcc139483d0>, <telebot.types.Message object at 0x7fcc12089e80>)	kwargs: {}.
2021-11-26T18:44:52.543314+0300 INFO mehtod: <function HotelRequest.get_city at 0x7fcc139aeb80>	args: (<utility.HotelRequest object at 0x7fcc139483d0>, <telebot.types.CallbackQuery object at 0x7fcc12089fa0>)	kwargs: {}.
2021-11-26T18:44:59.738042+0300 INFO mehtod: <function HotelRequest.get_price at 0x7fcc139aeca0>	args: (<utility.HotelRequest object at 0x7fcc139483d0>, <telebot.types.Message object at 0x7fcc12089f70>)	kwargs: {}.
2021-11-26T18:45:08.402380+0300 INFO mehtod: <function HotelRequest.get_distance at 0x7fcc139aedc0>	args: (<utility.HotelRequest object at 0x7fcc139483d0>, <telebot.types.Message object at 0x7fcc12089c10>)	kwargs: {}.
2021-11-26T18:45:12.736221+0300 INFO mehtod: <function HotelRequest.get_count at 0x7fcc139aeee0>	args: (<utility.HotelRequest object at 0x7fcc139483d0>, <telebot.types.Message object at 0x7fcc12089e20>)	kwargs: {}.
2021-11-26T18:45:15.685817+0300 INFO mehtod: <function HotelRequest.get_photo at 0x7fcc13943040>	args: (<utility.HotelRequest object at 0x7fcc139483d0>, <telebot.types.CallbackQuery object at 0x7fcc120898b0>)	kwargs: {}.
2021-11-26T18:45:19.566424+0300 INFO mehtod: <function HotelRequest.get_date at 0x7fcc13943280>	args: (<utility.HotelRequest object at 0x7fcc139483d0>, <telebot.types.Message object at 0x7fcc12089e50>)	kwargs: {}.
2021-11-26T18:45:19.566683+0300 INFO mehtod: <function HotelRequest.get_count_photo at 0x7fcc13943160>	args: (<utility.HotelRequest object at 0x7fcc139483d0>, <telebot.types.Message object at 0x7fcc12089e50>)	kwargs: {}.
2021-11-26T18:45:22.823269+0300 INFO mehtod: <function HotelRequest.get_date at 0x7fcc13943280>	args: (<utility.HotelRequest object at 0x7fcc139483d0>, <telebot.types.Message object at 0x7fcc1211c400>)	kwargs: {}.
2021-11-26T18:45:46.002772+0300 INFO mehtod: <function HotelRequest.get_response at 0x7fcc139433a0>	args: (<utility.HotelRequest object at 0x7fcc139483d0>, <telebot.types.CallbackQuery object at 0x7fcc1211ceb0>)	kwargs: {}.
